<?xml version="1.0" encoding="UTF-8"?>
<!-- Generated by org.testng.reporters.JUnitReportReporter -->
<testsuite name="com.testcase.DeleteMenuTest" tests="1" time="0.004" ignored="0" failures="0" timestamp="20 六月 2018 07:57:02 GMT" skipped="0" hostname="LENOVO-PC" errors="0">
  <testcase name="addTest" time="0.004" classname="com.testcase.DeleteMenuTest"/>
</testsuite> <!-- com.testcase.DeleteMenuTest -->
