<?xml version="1.0" encoding="UTF-8"?>
<!-- Generated by org.testng.reporters.JUnitReportReporter -->
<testsuite name="com.youguan.appium" tests="2" time="0.000" ignored="0" failures="0" timestamp="11 六月 2018 08:45:12 GMT" skipped="0" hostname="LENOVO-PC" errors="0">
  <testcase name="addTest" time="0.000" classname="com.youguan.appium"/>
  <testcase name="printTest" time="0.000" classname="com.youguan.appium"/>
</testsuite> <!-- com.youguan.appium -->
