<?xml version="1.0" encoding="UTF-8" ?>
<testsuite tests="4" failures="0" name="TestSuite" time="0.532" errors="0" skipped="0">
  <properties>
    <property name="java.runtime.name" value="Java(TM) SE Runtime Environment"/>
    <property name="sun.boot.library.path" value="D:\Java\jdk1.8.0_121\jre\bin"/>
    <property name="java.vm.version" value="25.121-b13"/>
    <property name="java.vm.vendor" value="Oracle Corporation"/>
    <property name="java.vendor.url" value="http://java.oracle.com/"/>
    <property name="path.separator" value=";"/>
    <property name="java.vm.name" value="Java HotSpot(TM) 64-Bit Server VM"/>
    <property name="file.encoding.pkg" value="sun.io"/>
    <property name="user.script" value=""/>
    <property name="user.country" value="CN"/>
    <property name="sun.java.launcher" value="SUN_STANDARD"/>
    <property name="sun.os.patch.level" value="Service Pack 1"/>
    <property name="java.vm.specification.name" value="Java Virtual Machine Specification"/>
    <property name="user.dir" value="C:\Users\LENOVO\AndroidStudioProjects\MyApplication\YouGuang"/>
    <property name="java.runtime.version" value="1.8.0_121-b13"/>
    <property name="java.awt.graphicsenv" value="sun.awt.Win32GraphicsEnvironment"/>
    <property name="basedir" value="C:\Users\LENOVO\AndroidStudioProjects\MyApplication\YouGuang"/>
    <property name="java.endorsed.dirs" value="D:\Java\jdk1.8.0_121\jre\lib\endorsed"/>
    <property name="os.arch" value="amd64"/>
    <property name="surefire.real.class.path" value="C:\Users\LENOVO\AndroidStudioProjects\MyApplication\YouGuang\target\surefire\surefirebooter2057068545845378380.jar"/>
    <property name="java.io.tmpdir" value="C:\Users\LENOVO\AppData\Local\Temp\"/>
    <property name="line.separator" value="
"/>
    <property name="java.vm.specification.vendor" value="Oracle Corporation"/>
    <property name="user.variant" value=""/>
    <property name="os.name" value="Windows 7"/>
    <property name="sun.jnu.encoding" value="GBK"/>
    <property name="java.library.path" value="D:\Java\jdk1.8.0_121\jre\bin;C:\Windows\Sun\Java\bin;C:\Windows\system32;C:\Windows;C:\ProgramData\Oracle\Java\javapath;D:\Java\jdk1.8.0_121\bin;D:\Java\jdk1.8.0_121\jre\bin;D:\apache-maven-3.3.9\bin;C:\Program Files (x86)\Intel\iCLS Client\;C:\Program Files\Intel\iCLS Client\;C:\Windows\system32;C:\Windows;C:\Windows\System32\Wbem;C:\Windows\System32\WindowsPowerShell\v1.0\;C:\Program Files (x86)\Intel\Intel(R) Management Engine Components\DAL;C:\Program Files\Intel\Intel(R) Management Engine Components\DAL;C:\Program Files (x86)\Intel\Intel(R) Management Engine Components\IPT;C:\Program Files\Intel\Intel(R) Management Engine Components\IPT;C:\Program Files (x86)\Microsoft SQL Server\90\Tools\binn\;C:\Program Files\Git\cmd;D:\gradle-4.0-milestone-2\bin;C:\Program Files\TortoiseSVN\bin;E:\insatll\nodejs\;E:\insatll\adt-bundle-windows-x86-20131030\sdk\platform-tools; E:\insatll\adt-bundle-windows-x86-20131030\sdk\tools;D:\Program Files\Docker Toolbox;C:\Users\LENOVO\AppData\Roaming\npm;."/>
    <property name="surefire.test.class.path" value="C:\Users\LENOVO\AndroidStudioProjects\MyApplication\YouGuang\target\test-classes;C:\Users\LENOVO\AndroidStudioProjects\MyApplication\YouGuang\target\classes;D:\apache-maven-3.3.9\repository\org\apache\poi\poi\3.17-beta1\poi-3.17-beta1.jar;D:\apache-maven-3.3.9\repository\commons-codec\commons-codec\1.10\commons-codec-1.10.jar;D:\apache-maven-3.3.9\repository\org\apache\commons\commons-collections4\4.1\commons-collections4-4.1.jar;D:\apache-maven-3.3.9\repository\org\apache\poi\poi-examples\3.17\poi-examples-3.17.jar;D:\apache-maven-3.3.9\repository\org\apache\poi\poi-excelant\3.17\poi-excelant-3.17.jar;D:\apache-maven-3.3.9\repository\org\apache\ant\ant\1.8.2\ant-1.8.2.jar;D:\apache-maven-3.3.9\repository\org\apache\ant\ant-launcher\1.8.2\ant-launcher-1.8.2.jar;D:\apache-maven-3.3.9\repository\org\apache\poi\poi-ooxml-schemas\3.17\poi-ooxml-schemas-3.17.jar;D:\apache-maven-3.3.9\repository\org\apache\poi\poi-scratchpad\3.17\poi-scratchpad-3.17.jar;D:\apache-maven-3.3.9\repository\org\apache\xmlbeans\xmlbeans\2.6.0\xmlbeans-2.6.0.jar;D:\apache-maven-3.3.9\repository\stax\stax-api\1.0.1\stax-api-1.0.1.jar;D:\apache-maven-3.3.9\repository\org\apache\poi\poi-ooxml\3.17-beta1\poi-ooxml-3.17-beta1.jar;D:\apache-maven-3.3.9\repository\com\github\virtuald\curvesapi\1.04\curvesapi-1.04.jar;D:\apache-maven-3.3.9\repository\org\assertj\assertj-core\1.7.0\assertj-core-1.7.0.jar;D:\apache-maven-3.3.9\repository\org\testng\testng\6.10\testng-6.10.jar;D:\apache-maven-3.3.9\repository\com\beust\jcommander\1.48\jcommander-1.48.jar;D:\apache-maven-3.3.9\repository\javax\mail\javax.mail-api\1.6.0\javax.mail-api-1.6.0.jar;D:\apache-maven-3.3.9\repository\io\appium\java-client\4.1.2\java-client-4.1.2.jar;D:\apache-maven-3.3.9\repository\org\seleniumhq\selenium\selenium-java\2.53.1\selenium-java-2.53.1.jar;D:\apache-maven-3.3.9\repository\org\seleniumhq\selenium\selenium-chrome-driver\2.53.1\selenium-chrome-driver-2.53.1.jar;D:\apache-maven-3.3.9\repository\org\seleniumhq\selenium\selenium-remote-driver\2.53.1\selenium-remote-driver-2.53.1.jar;D:\apache-maven-3.3.9\repository\org\seleniumhq\selenium\selenium-api\2.53.1\selenium-api-2.53.1.jar;D:\apache-maven-3.3.9\repository\org\seleniumhq\selenium\selenium-edge-driver\2.53.1\selenium-edge-driver-2.53.1.jar;D:\apache-maven-3.3.9\repository\commons-io\commons-io\2.4\commons-io-2.4.jar;D:\apache-maven-3.3.9\repository\org\apache\commons\commons-exec\1.3\commons-exec-1.3.jar;D:\apache-maven-3.3.9\repository\org\seleniumhq\selenium\htmlunit-driver\2.21\htmlunit-driver-2.21.jar;D:\apache-maven-3.3.9\repository\net\sourceforge\htmlunit\htmlunit\2.21\htmlunit-2.21.jar;D:\apache-maven-3.3.9\repository\xalan\xalan\2.7.2\xalan-2.7.2.jar;D:\apache-maven-3.3.9\repository\xalan\serializer\2.7.2\serializer-2.7.2.jar;D:\apache-maven-3.3.9\repository\org\apache\httpcomponents\httpmime\4.5.2\httpmime-4.5.2.jar;D:\apache-maven-3.3.9\repository\net\sourceforge\htmlunit\htmlunit-core-js\2.17\htmlunit-core-js-2.17.jar;D:\apache-maven-3.3.9\repository\net\sourceforge\htmlunit\neko-htmlunit\2.21\neko-htmlunit-2.21.jar;D:\apache-maven-3.3.9\repository\xerces\xercesImpl\2.11.0\xercesImpl-2.11.0.jar;D:\apache-maven-3.3.9\repository\net\sourceforge\cssparser\cssparser\0.9.18\cssparser-0.9.18.jar;D:\apache-maven-3.3.9\repository\org\w3c\css\sac\1.3\sac-1.3.jar;D:\apache-maven-3.3.9\repository\org\eclipse\jetty\websocket\websocket-client\9.2.15.v20160210\websocket-client-9.2.15.v20160210.jar;D:\apache-maven-3.3.9\repository\org\eclipse\jetty\jetty-util\9.2.15.v20160210\jetty-util-9.2.15.v20160210.jar;D:\apache-maven-3.3.9\repository\org\eclipse\jetty\jetty-io\9.2.15.v20160210\jetty-io-9.2.15.v20160210.jar;D:\apache-maven-3.3.9\repository\org\eclipse\jetty\websocket\websocket-common\9.2.15.v20160210\websocket-common-9.2.15.v20160210.jar;D:\apache-maven-3.3.9\repository\org\eclipse\jetty\websocket\websocket-api\9.2.15.v20160210\websocket-api-9.2.15.v20160210.jar;D:\apache-maven-3.3.9\repository\org\seleniumhq\selenium\selenium-firefox-driver\2.53.1\selenium-firefox-driver-2.53.1.jar;D:\apache-maven-3.3.9\repository\org\seleniumhq\selenium\selenium-ie-driver\2.53.1\selenium-ie-driver-2.53.1.jar;D:\apache-maven-3.3.9\repository\net\java\dev\jna\jna\4.1.0\jna-4.1.0.jar;D:\apache-maven-3.3.9\repository\net\java\dev\jna\jna-platform\4.1.0\jna-platform-4.1.0.jar;D:\apache-maven-3.3.9\repository\org\seleniumhq\selenium\selenium-safari-driver\2.53.1\selenium-safari-driver-2.53.1.jar;D:\apache-maven-3.3.9\repository\io\netty\netty\3.5.7.Final\netty-3.5.7.Final.jar;D:\apache-maven-3.3.9\repository\org\seleniumhq\selenium\selenium-support\2.53.1\selenium-support-2.53.1.jar;D:\apache-maven-3.3.9\repository\org\seleniumhq\selenium\selenium-leg-rc\2.53.1\selenium-leg-rc-2.53.1.jar;D:\apache-maven-3.3.9\repository\com\google\code\gson\gson\2.7\gson-2.7.jar;D:\apache-maven-3.3.9\repository\org\apache\httpcomponents\httpclient\4.5.2\httpclient-4.5.2.jar;D:\apache-maven-3.3.9\repository\org\apache\httpcomponents\httpcore\4.4.4\httpcore-4.4.4.jar;D:\apache-maven-3.3.9\repository\commons-logging\commons-logging\1.2\commons-logging-1.2.jar;D:\apache-maven-3.3.9\repository\com\google\guava\guava\19.0\guava-19.0.jar;D:\apache-maven-3.3.9\repository\commons-validator\commons-validator\1.5.1\commons-validator-1.5.1.jar;D:\apache-maven-3.3.9\repository\commons-beanutils\commons-beanutils\1.9.2\commons-beanutils-1.9.2.jar;D:\apache-maven-3.3.9\repository\commons-digester\commons-digester\1.8.1\commons-digester-1.8.1.jar;D:\apache-maven-3.3.9\repository\commons-collections\commons-collections\3.2.2\commons-collections-3.2.2.jar;D:\apache-maven-3.3.9\repository\org\apache\commons\commons-lang3\3.4\commons-lang3-3.4.jar;D:\apache-maven-3.3.9\repository\cglib\cglib-nodep\3.2.4\cglib-nodep-3.2.4.jar;D:\apache-maven-3.3.9\repository\org\springframework\spring-context\4.3.2.RELEASE\spring-context-4.3.2.RELEASE.jar;D:\apache-maven-3.3.9\repository\org\springframework\spring-aop\4.3.2.RELEASE\spring-aop-4.3.2.RELEASE.jar;D:\apache-maven-3.3.9\repository\org\springframework\spring-beans\4.3.2.RELEASE\spring-beans-4.3.2.RELEASE.jar;D:\apache-maven-3.3.9\repository\org\springframework\spring-core\4.3.2.RELEASE\spring-core-4.3.2.RELEASE.jar;D:\apache-maven-3.3.9\repository\org\springframework\spring-expression\4.3.2.RELEASE\spring-expression-4.3.2.RELEASE.jar;D:\apache-maven-3.3.9\repository\org\aspectj\aspectjweaver\1.8.9\aspectjweaver-1.8.9.jar;D:\apache-maven-3.3.9\repository\org\seleniumhq\selenium\selenium-server-standalone\2.53.0\selenium-server-standalone-2.53.0.jar;D:\apache-maven-3.3.9\repository\dom4j\dom4j\1.6.1\dom4j-1.6.1.jar;D:\apache-maven-3.3.9\repository\xml-apis\xml-apis\1.0.b2\xml-apis-1.0.b2.jar;"/>
    <property name="java.specification.name" value="Java Platform API Specification"/>
    <property name="java.class.version" value="52.0"/>
    <property name="sun.management.compiler" value="HotSpot 64-Bit Tiered Compilers"/>
    <property name="os.version" value="6.1"/>
    <property name="user.home" value="C:\Users\LENOVO"/>
    <property name="user.timezone" value="Asia/Shanghai"/>
    <property name="java.awt.printerjob" value="sun.awt.windows.WPrinterJob"/>
    <property name="java.specification.version" value="1.8"/>
    <property name="file.encoding" value="GBK"/>
    <property name="user.name" value="LENOVO"/>
    <property name="java.class.path" value="C:\Users\LENOVO\AndroidStudioProjects\MyApplication\YouGuang\target\test-classes;C:\Users\LENOVO\AndroidStudioProjects\MyApplication\YouGuang\target\classes;D:\apache-maven-3.3.9\repository\org\apache\poi\poi\3.17-beta1\poi-3.17-beta1.jar;D:\apache-maven-3.3.9\repository\commons-codec\commons-codec\1.10\commons-codec-1.10.jar;D:\apache-maven-3.3.9\repository\org\apache\commons\commons-collections4\4.1\commons-collections4-4.1.jar;D:\apache-maven-3.3.9\repository\org\apache\poi\poi-examples\3.17\poi-examples-3.17.jar;D:\apache-maven-3.3.9\repository\org\apache\poi\poi-excelant\3.17\poi-excelant-3.17.jar;D:\apache-maven-3.3.9\repository\org\apache\ant\ant\1.8.2\ant-1.8.2.jar;D:\apache-maven-3.3.9\repository\org\apache\ant\ant-launcher\1.8.2\ant-launcher-1.8.2.jar;D:\apache-maven-3.3.9\repository\org\apache\poi\poi-ooxml-schemas\3.17\poi-ooxml-schemas-3.17.jar;D:\apache-maven-3.3.9\repository\org\apache\poi\poi-scratchpad\3.17\poi-scratchpad-3.17.jar;D:\apache-maven-3.3.9\repository\org\apache\xmlbeans\xmlbeans\2.6.0\xmlbeans-2.6.0.jar;D:\apache-maven-3.3.9\repository\stax\stax-api\1.0.1\stax-api-1.0.1.jar;D:\apache-maven-3.3.9\repository\org\apache\poi\poi-ooxml\3.17-beta1\poi-ooxml-3.17-beta1.jar;D:\apache-maven-3.3.9\repository\com\github\virtuald\curvesapi\1.04\curvesapi-1.04.jar;D:\apache-maven-3.3.9\repository\org\assertj\assertj-core\1.7.0\assertj-core-1.7.0.jar;D:\apache-maven-3.3.9\repository\org\testng\testng\6.10\testng-6.10.jar;D:\apache-maven-3.3.9\repository\com\beust\jcommander\1.48\jcommander-1.48.jar;D:\apache-maven-3.3.9\repository\javax\mail\javax.mail-api\1.6.0\javax.mail-api-1.6.0.jar;D:\apache-maven-3.3.9\repository\io\appium\java-client\4.1.2\java-client-4.1.2.jar;D:\apache-maven-3.3.9\repository\org\seleniumhq\selenium\selenium-java\2.53.1\selenium-java-2.53.1.jar;D:\apache-maven-3.3.9\repository\org\seleniumhq\selenium\selenium-chrome-driver\2.53.1\selenium-chrome-driver-2.53.1.jar;D:\apache-maven-3.3.9\repository\org\seleniumhq\selenium\selenium-remote-driver\2.53.1\selenium-remote-driver-2.53.1.jar;D:\apache-maven-3.3.9\repository\org\seleniumhq\selenium\selenium-api\2.53.1\selenium-api-2.53.1.jar;D:\apache-maven-3.3.9\repository\org\seleniumhq\selenium\selenium-edge-driver\2.53.1\selenium-edge-driver-2.53.1.jar;D:\apache-maven-3.3.9\repository\commons-io\commons-io\2.4\commons-io-2.4.jar;D:\apache-maven-3.3.9\repository\org\apache\commons\commons-exec\1.3\commons-exec-1.3.jar;D:\apache-maven-3.3.9\repository\org\seleniumhq\selenium\htmlunit-driver\2.21\htmlunit-driver-2.21.jar;D:\apache-maven-3.3.9\repository\net\sourceforge\htmlunit\htmlunit\2.21\htmlunit-2.21.jar;D:\apache-maven-3.3.9\repository\xalan\xalan\2.7.2\xalan-2.7.2.jar;D:\apache-maven-3.3.9\repository\xalan\serializer\2.7.2\serializer-2.7.2.jar;D:\apache-maven-3.3.9\repository\org\apache\httpcomponents\httpmime\4.5.2\httpmime-4.5.2.jar;D:\apache-maven-3.3.9\repository\net\sourceforge\htmlunit\htmlunit-core-js\2.17\htmlunit-core-js-2.17.jar;D:\apache-maven-3.3.9\repository\net\sourceforge\htmlunit\neko-htmlunit\2.21\neko-htmlunit-2.21.jar;D:\apache-maven-3.3.9\repository\xerces\xercesImpl\2.11.0\xercesImpl-2.11.0.jar;D:\apache-maven-3.3.9\repository\net\sourceforge\cssparser\cssparser\0.9.18\cssparser-0.9.18.jar;D:\apache-maven-3.3.9\repository\org\w3c\css\sac\1.3\sac-1.3.jar;D:\apache-maven-3.3.9\repository\org\eclipse\jetty\websocket\websocket-client\9.2.15.v20160210\websocket-client-9.2.15.v20160210.jar;D:\apache-maven-3.3.9\repository\org\eclipse\jetty\jetty-util\9.2.15.v20160210\jetty-util-9.2.15.v20160210.jar;D:\apache-maven-3.3.9\repository\org\eclipse\jetty\jetty-io\9.2.15.v20160210\jetty-io-9.2.15.v20160210.jar;D:\apache-maven-3.3.9\repository\org\eclipse\jetty\websocket\websocket-common\9.2.15.v20160210\websocket-common-9.2.15.v20160210.jar;D:\apache-maven-3.3.9\repository\org\eclipse\jetty\websocket\websocket-api\9.2.15.v20160210\websocket-api-9.2.15.v20160210.jar;D:\apache-maven-3.3.9\repository\org\seleniumhq\selenium\selenium-firefox-driver\2.53.1\selenium-firefox-driver-2.53.1.jar;D:\apache-maven-3.3.9\repository\org\seleniumhq\selenium\selenium-ie-driver\2.53.1\selenium-ie-driver-2.53.1.jar;D:\apache-maven-3.3.9\repository\net\java\dev\jna\jna\4.1.0\jna-4.1.0.jar;D:\apache-maven-3.3.9\repository\net\java\dev\jna\jna-platform\4.1.0\jna-platform-4.1.0.jar;D:\apache-maven-3.3.9\repository\org\seleniumhq\selenium\selenium-safari-driver\2.53.1\selenium-safari-driver-2.53.1.jar;D:\apache-maven-3.3.9\repository\io\netty\netty\3.5.7.Final\netty-3.5.7.Final.jar;D:\apache-maven-3.3.9\repository\org\seleniumhq\selenium\selenium-support\2.53.1\selenium-support-2.53.1.jar;D:\apache-maven-3.3.9\repository\org\seleniumhq\selenium\selenium-leg-rc\2.53.1\selenium-leg-rc-2.53.1.jar;D:\apache-maven-3.3.9\repository\com\google\code\gson\gson\2.7\gson-2.7.jar;D:\apache-maven-3.3.9\repository\org\apache\httpcomponents\httpclient\4.5.2\httpclient-4.5.2.jar;D:\apache-maven-3.3.9\repository\org\apache\httpcomponents\httpcore\4.4.4\httpcore-4.4.4.jar;D:\apache-maven-3.3.9\repository\commons-logging\commons-logging\1.2\commons-logging-1.2.jar;D:\apache-maven-3.3.9\repository\com\google\guava\guava\19.0\guava-19.0.jar;D:\apache-maven-3.3.9\repository\commons-validator\commons-validator\1.5.1\commons-validator-1.5.1.jar;D:\apache-maven-3.3.9\repository\commons-beanutils\commons-beanutils\1.9.2\commons-beanutils-1.9.2.jar;D:\apache-maven-3.3.9\repository\commons-digester\commons-digester\1.8.1\commons-digester-1.8.1.jar;D:\apache-maven-3.3.9\repository\commons-collections\commons-collections\3.2.2\commons-collections-3.2.2.jar;D:\apache-maven-3.3.9\repository\org\apache\commons\commons-lang3\3.4\commons-lang3-3.4.jar;D:\apache-maven-3.3.9\repository\cglib\cglib-nodep\3.2.4\cglib-nodep-3.2.4.jar;D:\apache-maven-3.3.9\repository\org\springframework\spring-context\4.3.2.RELEASE\spring-context-4.3.2.RELEASE.jar;D:\apache-maven-3.3.9\repository\org\springframework\spring-aop\4.3.2.RELEASE\spring-aop-4.3.2.RELEASE.jar;D:\apache-maven-3.3.9\repository\org\springframework\spring-beans\4.3.2.RELEASE\spring-beans-4.3.2.RELEASE.jar;D:\apache-maven-3.3.9\repository\org\springframework\spring-core\4.3.2.RELEASE\spring-core-4.3.2.RELEASE.jar;D:\apache-maven-3.3.9\repository\org\springframework\spring-expression\4.3.2.RELEASE\spring-expression-4.3.2.RELEASE.jar;D:\apache-maven-3.3.9\repository\org\aspectj\aspectjweaver\1.8.9\aspectjweaver-1.8.9.jar;D:\apache-maven-3.3.9\repository\org\seleniumhq\selenium\selenium-server-standalone\2.53.0\selenium-server-standalone-2.53.0.jar;D:\apache-maven-3.3.9\repository\dom4j\dom4j\1.6.1\dom4j-1.6.1.jar;D:\apache-maven-3.3.9\repository\xml-apis\xml-apis\1.0.b2\xml-apis-1.0.b2.jar;"/>
    <property name="java.vm.specification.version" value="1.8"/>
    <property name="sun.arch.data.model" value="64"/>
    <property name="java.home" value="D:\Java\jdk1.8.0_121\jre"/>
    <property name="sun.java.command" value="C:\Users\LENOVO\AndroidStudioProjects\MyApplication\YouGuang\target\surefire\surefirebooter2057068545845378380.jar C:\Users\LENOVO\AndroidStudioProjects\MyApplication\YouGuang\target\surefire\surefire7244624103823159929tmp C:\Users\LENOVO\AndroidStudioProjects\MyApplication\YouGuang\target\surefire\surefire2985009943634582648tmp"/>
    <property name="java.specification.vendor" value="Oracle Corporation"/>
    <property name="user.language" value="zh"/>
    <property name="awt.toolkit" value="sun.awt.windows.WToolkit"/>
    <property name="java.vm.info" value="mixed mode"/>
    <property name="java.version" value="1.8.0_121"/>
    <property name="java.ext.dirs" value="D:\Java\jdk1.8.0_121\jre\lib\ext;C:\Windows\Sun\Java\lib\ext"/>
    <property name="sun.boot.class.path" value="D:\Java\jdk1.8.0_121\jre\lib\resources.jar;D:\Java\jdk1.8.0_121\jre\lib\rt.jar;D:\Java\jdk1.8.0_121\jre\lib\sunrsasign.jar;D:\Java\jdk1.8.0_121\jre\lib\jsse.jar;D:\Java\jdk1.8.0_121\jre\lib\jce.jar;D:\Java\jdk1.8.0_121\jre\lib\charsets.jar;D:\Java\jdk1.8.0_121\jre\lib\jfr.jar;D:\Java\jdk1.8.0_121\jre\classes"/>
    <property name="java.vendor" value="Oracle Corporation"/>
    <property name="localRepository" value="D:\apache-maven-3.3.9\repository"/>
    <property name="file.separator" value="\"/>
    <property name="java.vendor.url.bug" value="http://bugreport.sun.com/bugreport/"/>
    <property name="sun.cpu.endian" value="little"/>
    <property name="sun.io.unicode.encoding" value="UnicodeLittle"/>
    <property name="sun.desktop" value="windows"/>
    <property name="sun.cpu.isalist" value="amd64"/>
  </properties>
  <testcase classname="com.testcase.DeleteMenuTest" name="addTest" time="0.003"/>
  <testcase classname="com.testcase.LoginSystemTest" name="addTest" time="0"/>
  <testcase classname="com.testcase.SearchTest" name="mateTest" time="0.001"/>
  <testcase classname="com.testcase.OrderMenuTest" name="addTest" time="0"/>
</testsuite>